<?xml version="1.0" encoding="UTF-8" standalone="no"?>
<testsuite errors="0" failures="0" name="io.cucumber.core.plugin.JUnitFormatter" skipped="0" tests="2" time="0.194">
    <testcase classname="Background functionality feature" name="sample1" time="0.044">
        <system-out>
            <![CDATA[Given user is on login page.................................................passed
When user enters username and password......................................passed
And user clicks on login....................................................passed
Then user is navigated to the home page.....................................passed
When User clicks on welcome link............................................passed
Then logout link is displayed...............................................passed
]]>
        </system-out>
    </testcase>
    <testcase classname="Background functionality feature" name="sample2" time="0.003">
        <system-out>
            <![CDATA[Given user is on login page.................................................passed
When user enters username and password......................................passed
And user clicks on login....................................................passed
Then user is navigated to the home page.....................................passed
When User clicks on dashboard link..........................................passed
Then click launch toolbar is displayed......................................passed
]]>
        </system-out>
    </testcase>
</testsuite>
